{"meta": {"format": 3, "version": "7.16.0", "timestamp": "2026-08-31T13:40:43.238431", "branch_coverage": false, "show_contexts": false}, "files": {"src\\ai_scientist\\competition_runtime.py": {"executed_lines": [3, 5, 6, 7, 8, 9, 11, 22, 25, 28, 29, 30, 31, 33, 34, 35, 36, 42, 50, 62, 64, 66, 72, 73, 74, 76, 77, 78, 79, 80, 81, 83, 84, 85, 86, 96, 97, 98, 103, 104, 105, 107, 108, 109, 110, 111, 119, 126, 127, 128, 130, 131, 132, 133, 134, 135, 136, 137, 138, 139, 140, 141, 142, 144, 145, 157, 158, 159, 160, 167, 169, 170, 185, 186, 187, 188, 189, 190, 191, 193, 194, 195, 196, 197, 199, 200, 201, 212, 221, 222, 223, 228, 241, 248, 250, 251, 252, 264, 265, 266, 267, 268, 269, 270, 296, 297, 302, 303, 305, 306, 307, 308, 310, 311, 312, 313, 314, 316, 317, 318, 320, 327, 328, 329, 343, 346], "summary": {"covered_lines": 126, "num_statements": 159, "percent_covered": 79.24528301886792, "percent_covered_display": "79", "missing_lines": 33, "excluded_lines": 0, "percent_statements_covered": 79.24528301886792, "percent_statements_covered_display": "79"}, "missing_lines": [63, 75, 99, 100, 101, 106, 129, 198, 213, 220, 321, 322, 323, 324, 325, 347, 348, 349, 350, 351, 352, 353, 354, 355, 371, 372, 373, 374, 375, 384, 385, 388, 395], "excluded_lines": [], "functions": {"CompetitionRuntime.__init__": {"executed_lines": [29, 30, 31], "summary": {"covered_lines": 3, "num_statements": 3, "percent_covered": 100.0, "percent_covered_display": "100", "missing_lines": 0, "excluded_lines": 0, "percent_statements_covered": 100.0, "percent_statements_covered_display": "100"}, "missing_lines": [], "excluded_lines": [], "start_line": 28}, "CompetitionRuntime.run_flagship": {"executed_lines": [34, 35, 36, 42, 50, 62, 64, 66, 72, 73, 74, 76, 77, 78, 79, 80, 81, 83, 84, 85, 86, 96, 97, 98, 103, 104, 105, 107, 108, 109, 110, 111, 119, 126, 127, 128, 130, 131, 132, 133, 134, 135, 136, 137, 138, 139, 140, 141, 142], "summary": {"covered_lines": 49, "num_statements": 56, "percent_covered": 87.5, "percent_covered_display": "88", "missing_lines": 7, "excluded_lines": 0, "percent_statements_covered": 87.5, "percent_statements_covered_display": "88"}, "missing_lines": [63, 75, 99, 100, 101, 106, 129], "excluded_lines": [], "start_line": 33}, "CompetitionRuntime.run_failure_cases": {"executed_lines": [145, 157, 158, 159, 160, 167], "summary": {"covered_lines": 6, "num_statements": 6, "percent_covered": 100.0, "percent_covered_display": "100", "missing_lines": 0, "excluded_lines": 0, "percent_statements_covered": 100.0, "percent_statements_covered_display": "100"}, "missing_lines": [], "excluded_lines": [], "start_line": 144}, "CompetitionRuntime._execute_fit": {"executed_lines": [170], "summary": {"covered_lines": 1, "num_statements": 1, "percent_covered": 100.0, "percent_covered_display": "100", "missing_lines": 0, "excluded_lines": 0, "percent_statements_covered": 100.0, "percent_statements_covered_display": "100"}, "missing_lines": [], "excluded_lines": [], "start_line": 169}, "CompetitionRuntime._execute": {"executed_lines": [186, 187, 188, 189, 190, 191], "summary": {"covered_lines": 6, "num_statements": 6, "percent_covered": 100.0, "percent_covered_display": "100", "missing_lines": 0, "excluded_lines": 0, "percent_statements_covered": 100.0, "percent_statements_covered_display": "100"}, "missing_lines": [], "excluded_lines": [], "start_line": 185}, "CompetitionRuntime._feedback_and_next_plan": {"executed_lines": [194, 195, 196, 197, 199, 200, 201, 212, 221, 222, 223, 228, 241, 248], "summary": {"covered_lines": 14, "num_statements": 17, "percent_covered": 82.3529411764706, "percent_covered_display": "82", "missing_lines": 3, "excluded_lines": 0, "percent_statements_covered": 82.3529411764706, "percent_statements_covered_display": "82"}, "missing_lines": [198, 213, 220], "excluded_lines": [], "start_line": 193}, "CompetitionRuntime._evaluation": {"executed_lines": [252], "summary": {"covered_lines": 1, "num_statements": 1, "percent_covered": 100.0, "percent_covered_display": "100", "missing_lines": 0, "excluded_lines": 0, "percent_statements_covered": 100.0, "percent_statements_covered_display": "100"}, "missing_lines": [], "excluded_lines": [], "start_line": 251}, "CompetitionRuntime._comparison": {"executed_lines": [266, 267, 268, 269, 270], "summary": {"covered_lines": 5, "num_statements": 5, "percent_covered": 100.0, "percent_covered_display": "100", "missing_lines": 0, "excluded_lines": 0, "percent_statements_covered": 100.0, "percent_statements_covered_display": "100"}, "missing_lines": [], "excluded_lines": [], "start_line": 265}, "CompetitionRuntime._ensure_layout": {"executed_lines": [297, 302, 303], "summary": {"covered_lines": 3, "num_statements": 3, "percent_covered": 100.0, "percent_covered_display": "100", "missing_lines": 0, "excluded_lines": 0, "percent_statements_covered": 100.0, "percent_statements_covered_display": "100"}, "missing_lines": [], "excluded_lines": [], "start_line": 296}, "CompetitionRuntime._event": {"executed_lines": [306, 307, 308], "summary": {"covered_lines": 3, "num_statements": 3, "percent_covered": 100.0, "percent_covered_display": "100", "missing_lines": 0, "excluded_lines": 0, "percent_statements_covered": 100.0, "percent_statements_covered_display": "100"}, "missing_lines": [], "excluded_lines": [], "start_line": 305}, "CompetitionRuntime._write_json": {"executed_lines": [311, 312, 313, 314], "summary": {"covered_lines": 4, "num_statements": 4, "percent_covered": 100.0, "percent_covered_display": "100", "missing_lines": 0, "excluded_lines": 0, "percent_statements_covered": 100.0, "percent_statements_covered_display": "100"}, "missing_lines": [], "excluded_lines": [], "start_line": 310}, "CompetitionRuntime._save_state": {"executed_lines": [317, 318], "summary": {"covered_lines": 2, "num_statements": 2, "percent_covered": 100.0, "percent_covered_display": "100", "missing_lines": 0, "excluded_lines": 0, "percent_statements_covered": 100.0, "percent_statements_covered_display": "100"}, "missing_lines": [], "excluded_lines": [], "start_line": 316}, "CompetitionRuntime._fail_state": {"executed_lines": [], "summary": {"covered_lines": 0, "num_statements": 5, "percent_covered": 0.0, "percent_covered_display": "0", "missing_lines": 5, "excluded_lines": 0, "percent_statements_covered": 0.0, "percent_statements_covered_display": "0"}, "missing_lines": [321, 322, 323, 324, 325], "excluded_lines": [], "start_line": 320}, "CompetitionRuntime._write_case_readme": {"executed_lines": [328, 329, 343], "summary": {"covered_lines": 3, "num_statements": 3, "percent_covered": 100.0, "percent_covered_display": "100", "missing_lines": 0, "excluded_lines": 0, "percent_statements_covered": 100.0, "percent_statements_covered_display": "100"}, "missing_lines": [], "excluded_lines": [], "start_line": 327}, "run_benchmark": {"executed_lines": [], "summary": {"covered_lines": 0, "num_statements": 18, "percent_covered": 0.0, "percent_covered_display": "0", "missing_lines": 18, "excluded_lines": 0, "percent_statements_covered": 0.0, "percent_statements_covered_display": "0"}, "missing_lines": [347, 348, 349, 350, 351, 352, 353, 354, 355, 371, 372, 373, 374, 375, 384, 385, 388, 395], "excluded_lines": [], "start_line": 346}, "": {"executed_lines": [3, 5, 6, 7, 8, 9, 11, 22, 25, 28, 33, 144, 169, 185, 193, 250, 251, 264, 265, 296, 305, 310, 316, 320, 327, 346], "summary": {"covered_lines": 26, "num_statements": 26, "percent_covered": 100.0, "percent_covered_display": "100", "missing_lines": 0, "excluded_lines": 0, "percent_statements_covered": 100.0, "percent_statements_covered_display": "100"}, "missing_lines": [], "excluded_lines": [], "start_line": 1}}, "classes": {"CompetitionRuntime": {"executed_lines": [29, 30, 31, 34, 35, 36, 42, 50, 62, 64, 66, 72, 73, 74, 76, 77, 78, 79, 80, 81, 83, 84, 85, 86, 96, 97, 98, 103, 104, 105, 107, 108, 109, 110, 111, 119, 126, 127, 128, 130, 131, 132, 133, 134, 135, 136, 137, 138, 139, 140, 141, 142, 145, 157, 158, 159, 160, 167, 170, 186, 187, 188, 189, 190, 191, 194, 195, 196, 197, 199, 200, 201, 212, 221, 222, 223, 228, 241, 248, 252, 266, 267, 268, 269, 270, 297, 302, 303, 306, 307, 308, 311, 312, 313, 314, 317, 318, 328, 329, 343], "summary": {"covered_lines": 100, "num_statements": 115, "percent_covered": 86.95652173913044, "percent_covered_display": "87", "missing_lines": 15, "excluded_lines": 0, "percent_statements_covered": 86.95652173913044, "percent_statements_covered_display": "87"}, "missing_lines": [63, 75, 99, 100, 101, 106, 129, 198, 213, 220, 321, 322, 323, 324, 325], "excluded_lines": [], "start_line": 25}, "": {"executed_lines": [3, 5, 6, 7, 8, 9, 11, 22, 25, 28, 33, 144, 169, 185, 193, 250, 251, 264, 265, 296, 305, 310, 316, 320, 327, 346], "summary": {"covered_lines": 26, "num_statements": 44, "percent_covered": 59.09090909090909, "percent_covered_display": "59", "missing_lines": 18, "excluded_lines": 0, "percent_statements_covered": 59.09090909090909, "percent_statements_covered_display": "59"}, "missing_lines": [347, 348, 349, 350, 351, 352, 353, 354, 355, 371, 372, 373, 374, 375, 384, 385, 388, 395], "excluded_lines": [], "start_line": 1}}}, "src\\ai_scientist\\competition_schemas.py": {"executed_lines": [3, 5, 6, 7, 9, 12, 13, 16, 17, 20, 26, 27, 30, 31, 32, 33, 34, 35, 36, 37, 38, 40, 41, 42, 43, 45, 48, 49, 50, 51, 52, 53, 54, 57, 58, 59, 60, 61, 62, 63, 64, 65, 66, 67, 68, 69, 70, 71, 72, 73, 76, 77, 78, 79, 80, 81, 82, 83, 86, 91, 92, 93, 94, 95, 96, 97, 98, 99, 102, 103, 104, 105, 106, 107, 108, 109, 110, 111, 114, 115, 116, 117, 118, 119, 120, 121, 122, 123, 124, 125, 126, 128, 129, 130, 132, 134, 136, 139, 140, 141, 142, 143, 144, 145, 146, 147, 148, 149, 150, 151], "summary": {"covered_lines": 110, "num_statements": 114, "percent_covered": 96.49122807017544, "percent_covered_display": "96", "missing_lines": 4, "excluded_lines": 0, "percent_statements_covered": 96.49122807017544, "percent_statements_covered_display": "96"}, "missing_lines": [44, 131, 133, 135], "excluded_lines": [], "functions": {"competition_id": {"executed_lines": [13], "summary": {"covered_lines": 1, "num_statements": 1, "percent_covered": 100.0, "percent_covered_display": "100", "missing_lines": 0, "excluded_lines": 0, "percent_statements_covered": 100.0, "percent_statements_covered_display": "100"}, "missing_lines": [], "excluded_lines": [], "start_line": 12}, "now_utc": {"executed_lines": [17], "summary": {"covered_lines": 1, "num_statements": 1, "percent_covered": 100.0, "percent_covered_display": "100", "missing_lines": 0, "excluded_lines": 0, "percent_statements_covered": 100.0, "percent_statements_covered_display": "100"}, "missing_lines": [], "excluded_lines": [], "start_line": 16}, "ExecutionRequest.reject_unsafe_output_directory": {"executed_lines": [42, 43, 45], "summary": {"covered_lines": 3, "num_statements": 4, "percent_covered": 75.0, "percent_covered_display": "75", "missing_lines": 1, "excluded_lines": 0, "percent_statements_covered": 75.0, "percent_statements_covered_display": "75"}, "missing_lines": [44], "excluded_lines": [], "start_line": 41}, "DampedOscillatorPlan.validate_ranges_and_budget": {"executed_lines": [130, 132, 134, 136], "summary": {"covered_lines": 4, "num_statements": 7, "percent_covered": 57.142857142857146, "percent_covered_display": "57", "missing_lines": 3, "excluded_lines": 0, "percent_statements_covered": 57.142857142857146, "percent_statements_covered_display": "57"}, "missing_lines": [131, 133, 135], "excluded_lines": [], "start_line": 129}, "": {"executed_lines": [3, 5, 6, 7, 9, 12, 16, 20, 26, 27, 30, 31, 32, 33, 34, 35, 36, 37, 38, 40, 41, 48, 49, 50, 51, 52, 53, 54, 57, 58, 59, 60, 61, 62, 63, 64, 65, 66, 67, 68, 69, 70, 71, 72, 73, 76, 77, 78, 79, 80, 81, 82, 83, 86, 91, 92, 93, 94, 95, 96, 97, 98, 99, 102, 103, 104, 105, 106, 107, 108, 109, 110, 111, 114, 115, 116, 117, 118, 119, 120, 121, 122, 123, 124, 125, 126, 128, 129, 139, 140, 141, 142, 143, 144, 145, 146, 147, 148, 149, 150, 151], "summary": {"covered_lines": 101, "num_statements": 101, "percent_covered": 100.0, "percent_covered_display": "100", "missing_lines": 0, "excluded_lines": 0, "percent_statements_covered": 100.0, "percent_statements_covered_display": "100"}, "missing_lines": [], "excluded_lines": [], "start_line": 1}}, "classes": {"CompetitionModel": {"executed_lines": [], "summary": {"covered_lines": 0, "num_statements": 0, "percent_covered": 100.0, "percent_covered_display": "100", "missing_lines": 0, "excluded_lines": 0, "percent_statements_covered": 100.0, "percent_statements_covered_display": "100"}, "missing_lines": [], "excluded_lines": [], "start_line": 26}, "ExecutionRequest": {"executed_lines": [42, 43, 45], "summary": {"covered_lines": 3, "num_statements": 4, "percent_covered": 75.0, "percent_covered_display": "75", "missing_lines": 1, "excluded_lines": 0, "percent_statements_covered": 75.0, "percent_statements_covered_display": "75"}, "missing_lines": [44], "excluded_lines": [], "start_line": 30}, "ExecutionArtifact": {"executed_lines": [], "summary": {"covered_lines": 0, "num_statements": 0, "percent_covered": 100.0, "percent_covered_display": "100", "missing_lines": 0, "excluded_lines": 0, "percent_statements_covered": 100.0, "percent_statements_covered_display": "100"}, "missing_lines": [], "excluded_lines": [], "start_line": 48}, "ExecutionResult": {"executed_lines": [], "summary": {"covered_lines": 0, "num_statements": 0, "percent_covered": 100.0, "percent_covered_display": "100", "missing_lines": 0, "excluded_lines": 0, "percent_statements_covered": 100.0, "percent_statements_covered_display": "100"}, "missing_lines": [], "excluded_lines": [], "start_line": 57}, "FeedbackSignal": {"executed_lines": [], "summary": {"covered_lines": 0, "num_statements": 0, "percent_covered": 100.0, "percent_covered_display": "100", "missing_lines": 0, "excluded_lines": 0, "percent_statements_covered": 100.0, "percent_statements_covered_display": "100"}, "missing_lines": [], "excluded_lines": [], "start_line": 76}, "PlanAdjustment": {"executed_lines": [], "summary": {"covered_lines": 0, "num_statements": 0, "percent_covered": 100.0, "percent_covered_display": "100", "missing_lines": 0, "excluded_lines": 0, "percent_statements_covered": 100.0, "percent_statements_covered_display": "100"}, "missing_lines": [], "excluded_lines": [], "start_line": 91}, "IterationRecord": {"executed_lines": [], "summary": {"covered_lines": 0, "num_statements": 0, "percent_covered": 100.0, "percent_covered_display": "100", "missing_lines": 0, "excluded_lines": 0, "percent_statements_covered": 100.0, "percent_statements_covered_display": "100"}, "missing_lines": [], "excluded_lines": [], "start_line": 102}, "DampedOscillatorPlan": {"executed_lines": [130, 132, 134, 136], "summary": {"covered_lines": 4, "num_statements": 7, "percent_covered": 57.142857142857146, "percent_covered_display": "57", "missing_lines": 3, "excluded_lines": 0, "percent_statements_covered": 57.142857142857146, "percent_statements_covered_display": "57"}, "missing_lines": [131, 133, 135], "excluded_lines": [], "start_line": 114}, "CompetitionRunState": {"executed_lines": [], "summary": {"covered_lines": 0, "num_statements": 0, "percent_covered": 100.0, "percent_covered_display": "100", "missing_lines": 0, "excluded_lines": 0, "percent_statements_covered": 100.0, "percent_statements_covered_display": "100"}, "missing_lines": [], "excluded_lines": [], "start_line": 139}, "": {"executed_lines": [3, 5, 6, 7, 9, 12, 13, 16, 17, 20, 26, 27, 30, 31, 32, 33, 34, 35, 36, 37, 38, 40, 41, 48, 49, 50, 51, 52, 53, 54, 57, 58, 59, 60, 61, 62, 63, 64, 65, 66, 67, 68, 69, 70, 71, 72, 73, 76, 77, 78, 79, 80, 81, 82, 83, 86, 91, 92, 93, 94, 95, 96, 97, 98, 99, 102, 103, 104, 105, 106, 107, 108, 109, 110, 111, 114, 115, 116, 117, 118, 119, 120, 121, 122, 123, 124, 125, 126, 128, 129, 139, 140, 141, 142, 143, 144, 145, 146, 147, 148, 149, 150, 151], "summary": {"covered_lines": 103, "num_statements": 103, "percent_covered": 100.0, "percent_covered_display": "100", "missing_lines": 0, "excluded_lines": 0, "percent_statements_covered": 100.0, "percent_statements_covered_display": "100"}, "missing_lines": [], "excluded_lines": [], "start_line": 1}}}, "src\\ai_scientist\\tools\\execution_adapter.py": {"executed_lines": [6, 8, 9, 10, 11, 12, 13, 14, 15, 17, 18, 19, 20, 22, 31, 34, 39, 40, 42, 50, 51, 52, 53, 54, 55, 56, 57, 59, 60, 61, 62, 63, 64, 65, 66, 67, 68, 69, 70, 71, 72, 73, 74, 75, 83, 103, 105, 106, 117, 118, 119, 120, 121, 122, 124, 126, 127, 128, 129, 130, 131, 132, 133, 134, 136, 137, 138, 139, 140, 141, 142, 144, 145, 146, 148, 149, 151, 152, 154, 155, 158, 166, 167, 168, 169, 170, 179, 180, 181, 182, 184, 185, 186, 191, 192, 194, 203, 213, 222, 223, 224, 225, 227, 229, 230, 232, 233, 234, 235, 236, 237, 243, 244, 246, 247, 248, 249, 251, 252, 254, 255, 256, 257, 258, 260, 261, 262, 263, 265, 266, 268, 269, 270, 272, 273, 274, 275, 276, 277, 279, 282, 283, 284, 285, 286, 287, 288, 289, 290, 291, 292, 293, 294, 295, 296, 297, 298, 302, 303, 304, 306, 307, 308, 309, 310, 311, 312, 313, 314, 316, 318, 319, 321, 322, 323, 324, 325, 326, 327, 328, 329, 330, 331, 332, 333, 334, 335, 336, 337, 338, 348, 349, 350, 351, 352, 353, 355, 356, 357, 359, 360, 361, 362, 364, 365, 366, 368, 369, 371, 373, 374, 375, 376, 377, 378, 379, 380, 381, 382, 384, 385, 386, 387, 388, 389, 390, 391, 392, 393, 394, 395, 396, 397, 398, 399, 400], "summary": {"covered_lines": 236, "num_statements": 287, "percent_covered": 82.22996515679442, "percent_covered_display": "82", "missing_lines": 51, "excluded_lines": 0, "percent_statements_covered": 82.22996515679442, "percent_statements_covered_display": "82"}, "missing_lines": [43, 76, 77, 78, 79, 80, 81, 82, 123, 147, 171, 172, 173, 174, 175, 176, 177, 195, 196, 197, 198, 199, 200, 201, 204, 205, 206, 210, 211, 214, 215, 216, 217, 218, 219, 220, 226, 228, 231, 250, 253, 264, 267, 278, 280, 315, 317, 320, 358, 367, 370], "excluded_lines": [], "functions": {"ExecutionAdapter.__init__": {"executed_lines": [40], "summary": {"covered_lines": 1, "num_statements": 1, "percent_covered": 100.0, "percent_covered_display": "100", "missing_lines": 0, "excluded_lines": 0, "percent_statements_covered": 100.0, "percent_statements_covered_display": "100"}, "missing_lines": [], "excluded_lines": [], "start_line": 39}, "ExecutionAdapter.capabilities": {"executed_lines": [], "summary": {"covered_lines": 0, "num_statements": 1, "percent_covered": 0.0, "percent_covered_display": "0", "missing_lines": 1, "excluded_lines": 0, "percent_statements_covered": 0.0, "percent_statements_covered_display": "0"}, "missing_lines": [43], "excluded_lines": [], "start_line": 42}, "ExecutionAdapter.execute": {"executed_lines": [51, 52, 53, 54, 55, 56, 57, 59, 60, 61, 62, 63, 64, 65, 66, 67, 68, 69, 70, 71, 72, 73, 74, 75, 83, 103], "summary": {"covered_lines": 26, "num_statements": 33, "percent_covered": 78.78787878787878, "percent_covered_display": "79", "missing_lines": 7, "excluded_lines": 0, "percent_statements_covered": 78.78787878787878, "percent_statements_covered_display": "79"}, "missing_lines": [76, 77, 78, 79, 80, 81, 82], "excluded_lines": [], "start_line": 50}, "ExecutionAdapter._handlers": {"executed_lines": [106], "summary": {"covered_lines": 1, "num_statements": 1, "percent_covered": 100.0, "percent_covered_display": "100", "missing_lines": 0, "excluded_lines": 0, "percent_statements_covered": 100.0, "percent_statements_covered_display": "100"}, "missing_lines": [], "excluded_lines": [], "start_line": 105}, "ExecutionAdapter._input_paths": {"executed_lines": [118, 119, 120, 121, 122, 124], "summary": {"covered_lines": 6, "num_statements": 7, "percent_covered": 85.71428571428571, "percent_covered_display": "86", "missing_lines": 1, "excluded_lines": 0, "percent_statements_covered": 85.71428571428571, "percent_statements_covered_display": "86"}, "missing_lines": [123], "excluded_lines": [], "start_line": 117}, "ExecutionAdapter._safe_path": {"executed_lines": [127, 128, 129, 130, 131, 132, 133, 134], "summary": {"covered_lines": 8, "num_statements": 8, "percent_covered": 100.0, "percent_covered_display": "100", "missing_lines": 0, "excluded_lines": 0, "percent_statements_covered": 100.0, "percent_statements_covered_display": "100"}, "missing_lines": [], "excluded_lines": [], "start_line": 126}, "ExecutionAdapter._sha256": {"executed_lines": [138, 139, 140, 141, 142], "summary": {"covered_lines": 5, "num_statements": 5, "percent_covered": 100.0, "percent_covered_display": "100", "missing_lines": 0, "excluded_lines": 0, "percent_statements_covered": 100.0, "percent_statements_covered_display": "100"}, "missing_lines": [], "excluded_lines": [], "start_line": 137}, "ExecutionAdapter._fallback_fingerprint": {"executed_lines": [146, 148, 149], "summary": {"covered_lines": 3, "num_statements": 4, "percent_covered": 75.0, "percent_covered_display": "75", "missing_lines": 1, "excluded_lines": 0, "percent_statements_covered": 75.0, "percent_statements_covered_display": "75"}, "missing_lines": [147], "excluded_lines": [], "start_line": 145}, "ExecutionAdapter._fingerprint": {"executed_lines": [152], "summary": {"covered_lines": 1, "num_statements": 1, "percent_covered": 100.0, "percent_covered_display": "100", "missing_lines": 0, "excluded_lines": 0, "percent_statements_covered": 100.0, "percent_statements_covered_display": "100"}, "missing_lines": [], "excluded_lines": [], "start_line": 151}, "ExecutionAdapter._artifact": {"executed_lines": [155, 158], "summary": {"covered_lines": 2, "num_statements": 2, "percent_covered": 100.0, "percent_covered_display": "100", "missing_lines": 0, "excluded_lines": 0, "percent_statements_covered": 100.0, "percent_statements_covered_display": "100"}, "missing_lines": [], "excluded_lines": [], "start_line": 154}, "ExecutionAdapter._load_dataset": {"executed_lines": [168, 169, 170], "summary": {"covered_lines": 3, "num_statements": 10, "percent_covered": 30.0, "percent_covered_display": "30", "missing_lines": 7, "excluded_lines": 0, "percent_statements_covered": 30.0, "percent_statements_covered_display": "30"}, "missing_lines": [171, 172, 173, 174, 175, 176, 177], "excluded_lines": [], "start_line": 167}, "ExecutionAdapter._write_json": {"executed_lines": [181, 182], "summary": {"covered_lines": 2, "num_statements": 2, "percent_covered": 100.0, "percent_covered_display": "100", "missing_lines": 0, "excluded_lines": 0, "percent_statements_covered": 100.0, "percent_statements_covered_display": "100"}, "missing_lines": [], "excluded_lines": [], "start_line": 180}, "ExecutionAdapter._inspect_dataset": {"executed_lines": [185, 186, 191, 192], "summary": {"covered_lines": 4, "num_statements": 4, "percent_covered": 100.0, "percent_covered_display": "100", "missing_lines": 0, "excluded_lines": 0, "percent_statements_covered": 100.0, "percent_statements_covered_display": "100"}, "missing_lines": [], "excluded_lines": [], "start_line": 184}, "ExecutionAdapter._describe_dataset": {"executed_lines": [], "summary": {"covered_lines": 0, "num_statements": 7, "percent_covered": 0.0, "percent_covered_display": "0", "missing_lines": 7, "excluded_lines": 0, "percent_statements_covered": 0.0, "percent_statements_covered_display": "0"}, "missing_lines": [195, 196, 197, 198, 199, 200, 201], "excluded_lines": [], "start_line": 194}, "ExecutionAdapter._missingness": {"executed_lines": [], "summary": {"covered_lines": 0, "num_statements": 5, "percent_covered": 0.0, "percent_covered_display": "0", "missing_lines": 5, "excluded_lines": 0, "percent_statements_covered": 0.0, "percent_statements_covered_display": "0"}, "missing_lines": [204, 205, 206, 210, 211], "excluded_lines": [], "start_line": 203}, "ExecutionAdapter._correlation": {"executed_lines": [], "summary": {"covered_lines": 0, "num_statements": 7, "percent_covered": 0.0, "percent_covered_display": "0", "missing_lines": 7, "excluded_lines": 0, "percent_statements_covered": 0.0, "percent_statements_covered_display": "0"}, "missing_lines": [214, 215, 216, 217, 218, 219, 220], "excluded_lines": [], "start_line": 213}, "ExecutionAdapter._linear_regression": {"executed_lines": [223, 224, 225, 227, 229, 230, 232, 233, 234, 235, 236, 237, 243, 244], "summary": {"covered_lines": 14, "num_statements": 17, "percent_covered": 82.3529411764706, "percent_covered_display": "82", "missing_lines": 3, "excluded_lines": 0, "percent_statements_covered": 82.3529411764706, "percent_statements_covered_display": "82"}, "missing_lines": [226, 228, 231], "excluded_lines": [], "start_line": 222}, "ExecutionAdapter._plot_histogram": {"executed_lines": [247, 248, 249, 251, 252, 254, 255, 256, 257, 258], "summary": {"covered_lines": 10, "num_statements": 12, "percent_covered": 83.33333333333333, "percent_covered_display": "83", "missing_lines": 2, "excluded_lines": 0, "percent_statements_covered": 83.33333333333333, "percent_statements_covered_display": "83"}, "missing_lines": [250, 253], "excluded_lines": [], "start_line": 246}, "ExecutionAdapter._plot_scatter": {"executed_lines": [261, 262, 263, 265, 266, 268, 269, 270], "summary": {"covered_lines": 8, "num_statements": 10, "percent_covered": 80.0, "percent_covered_display": "80", "missing_lines": 2, "excluded_lines": 0, "percent_statements_covered": 80.0, "percent_statements_covered_display": "80"}, "missing_lines": [264, 267], "excluded_lines": [], "start_line": 260}, "ExecutionAdapter._run_simulation": {"executed_lines": [273, 274, 275, 276, 277, 279], "summary": {"covered_lines": 6, "num_statements": 8, "percent_covered": 75.0, "percent_covered_display": "75", "missing_lines": 2, "excluded_lines": 0, "percent_statements_covered": 75.0, "percent_statements_covered_display": "75"}, "missing_lines": [278, 280], "excluded_lines": [], "start_line": 272}, "ExecutionAdapter._generate_oscillator": {"executed_lines": [283, 284, 285, 286, 287, 288, 289, 290, 291, 292, 293, 294, 295, 296, 297, 298, 302, 303, 304], "summary": {"covered_lines": 19, "num_statements": 19, "percent_covered": 100.0, "percent_covered_display": "100", "missing_lines": 0, "excluded_lines": 0, "percent_statements_covered": 100.0, "percent_statements_covered_display": "100"}, "missing_lines": [], "excluded_lines": [], "start_line": 282}, "ExecutionAdapter._fit_oscillator": {"executed_lines": [307, 308, 309, 310, 311, 312, 313, 314, 316, 318, 319, 321, 322, 323, 324, 325, 326, 327, 328, 329, 330, 331, 332, 333, 334, 335, 336, 337, 338, 348, 349, 350, 351, 352, 353], "summary": {"covered_lines": 35, "num_statements": 38, "percent_covered": 92.10526315789474, "percent_covered_display": "92", "missing_lines": 3, "excluded_lines": 0, "percent_statements_covered": 92.10526315789474, "percent_statements_covered_display": "92"}, "missing_lines": [315, 317, 320], "excluded_lines": [], "start_line": 306}, "ExecutionAdapter._bounded_float": {"executed_lines": [357, 359, 360, 361, 362], "summary": {"covered_lines": 5, "num_statements": 6, "percent_covered": 83.33333333333333, "percent_covered_display": "83", "missing_lines": 1, "excluded_lines": 0, "percent_statements_covered": 83.33333333333333, "percent_statements_covered_display": "83"}, "missing_lines": [358], "excluded_lines": [], "start_line": 356}, "ExecutionAdapter._bounded_int": {"executed_lines": [366, 368, 369, 371], "summary": {"covered_lines": 4, "num_statements": 6, "percent_covered": 66.66666666666667, "percent_covered_display": "67", "missing_lines": 2, "excluded_lines": 0, "percent_statements_covered": 66.66666666666667, "percent_statements_covered_display": "67"}, "missing_lines": [367, 370], "excluded_lines": [], "start_line": 365}, "ExecutionAdapter._bar_png": {"executed_lines": [375, 376, 377, 378, 379, 380, 381, 382], "summary": {"covered_lines": 8, "num_statements": 8, "percent_covered": 100.0, "percent_covered_display": "100", "missing_lines": 0, "excluded_lines": 0, "percent_statements_covered": 100.0, "percent_statements_covered_display": "100"}, "missing_lines": [], "excluded_lines": [], "start_line": 374}, "ExecutionAdapter._scatter_png": {"executed_lines": [386, 387, 388, 389, 390, 391, 392, 393, 394, 395, 396, 397, 398, 399, 400], "summary": {"covered_lines": 15, "num_statements": 15, "percent_covered": 100.0, "percent_covered_display": "100", "missing_lines": 0, "excluded_lines": 0, "percent_statements_covered": 100.0, "percent_statements_covered_display": "100"}, "missing_lines": [], "excluded_lines": [], "start_line": 385}, "": {"executed_lines": [6, 8, 9, 10, 11, 12, 13, 14, 15, 17, 18, 19, 20, 22, 31, 34, 39, 42, 50, 105, 117, 126, 136, 137, 144, 145, 151, 154, 166, 167, 179, 180, 184, 194, 203, 213, 222, 246, 260, 272, 282, 306, 355, 356, 364, 365, 373, 374, 384, 385], "summary": {"covered_lines": 50, "num_statements": 50, "percent_covered": 100.0, "percent_covered_display": "100", "missing_lines": 0, "excluded_lines": 0, "percent_statements_covered": 100.0, "percent_statements_covered_display": "100"}, "missing_lines": [], "excluded_lines": [], "start_line": 1}}, "classes": {"ExecutionAdapter": {"executed_lines": [40, 51, 52, 53, 54, 55, 56, 57, 59, 60, 61, 62, 63, 64, 65, 66, 67, 68, 69, 70, 71, 72, 73, 74, 75, 83, 103, 106, 118, 119, 120, 121, 122, 124, 127, 128, 129, 130, 131, 132, 133, 134, 138, 139, 140, 141, 142, 146, 148, 149, 152, 155, 158, 168, 169, 170, 181, 182, 185, 186, 191, 192, 223, 224, 225, 227, 229, 230, 232, 233, 234, 235, 236, 237, 243, 244, 247, 248, 249, 251, 252, 254, 255, 256, 257, 258, 261, 262, 263, 265, 266, 268, 269, 270, 273, 274, 275, 276, 277, 279, 283, 284, 285, 286, 287, 288, 289, 290, 291, 292, 293, 294, 295, 296, 297, 298, 302, 303, 304, 307, 308, 309, 310, 311, 312, 313, 314, 316, 318, 319, 321, 322, 323, 324, 325, 326, 327, 328, 329, 330, 331, 332, 333, 334, 335, 336, 337, 338, 348, 349, 350, 351, 352, 353, 357, 359, 360, 361, 362, 366, 368, 369, 371, 375, 376, 377, 378, 379, 380, 381, 382, 386, 387, 388, 389, 390, 391, 392, 393, 394, 395, 396, 397, 398, 399, 400], "summary": {"covered_lines": 186, "num_statements": 237, "percent_covered": 78.48101265822785, "percent_covered_display": "78", "missing_lines": 51, "excluded_lines": 0, "percent_statements_covered": 78.48101265822785, "percent_statements_covered_display": "78"}, "missing_lines": [43, 76, 77, 78, 79, 80, 81, 82, 123, 147, 171, 172, 173, 174, 175, 176, 177, 195, 196, 197, 198, 199, 200, 201, 204, 205, 206, 210, 211, 214, 215, 216, 217, 218, 219, 220, 226, 228, 231, 250, 253, 264, 267, 278, 280, 315, 317, 320, 358, 367, 370], "excluded_lines": [], "start_line": 31}, "": {"executed_lines": [6, 8, 9, 10, 11, 12, 13, 14, 15, 17, 18, 19, 20, 22, 31, 34, 39, 42, 50, 105, 117, 126, 136, 137, 144, 145, 151, 154, 166, 167, 179, 180, 184, 194, 203, 213, 222, 246, 260, 272, 282, 306, 355, 356, 364, 365, 373, 374, 384, 385], "summary": {"covered_lines": 50, "num_statements": 50, "percent_covered": 100.0, "percent_covered_display": "100", "missing_lines": 0, "excluded_lines": 0, "percent_statements_covered": 100.0, "percent_statements_covered_display": "100"}, "missing_lines": [], "excluded_lines": [], "start_line": 1}}}}, "totals": {"covered_lines": 472, "num_statements": 560, "percent_covered": 84.28571428571429, "percent_covered_display": "84", "missing_lines": 88, "excluded_lines": 0, "percent_statements_covered": 84.28571428571429, "percent_statements_covered_display": "84"}}